<?xml version="1.0" encoding="UTF-8"?>
<!-- Generated by org.testng.reporters.JUnitReportReporter -->
<testsuite hostname="DESKTOP-QVM6J4J" failures="0" tests="2" name="com.Test.Verify_LoginTest" time="12.852" errors="0" timestamp="2022-02-28T08:22:36 IST" skipped="0">
  <testcase classname="com.Test.Verify_LoginTest" name="verify_loginwithValidCredentials" time="7.432"/>
  <system-out/>
  <testcase classname="com.Test.Verify_LoginTest" name="verify_loginwithValidCredentials" time="5.420"/>
  <system-out/>
</testsuite> <!-- com.Test.Verify_LoginTest -->
